TN:
SF:jest.config.js
FNF:0
FNH:0
DA:1,0
LF:1
LH:0
BRF:0
BRH:0
end_of_record
TN:
SF:server.js
FN:14,(anonymous_0)
FNF:1
FNH:0
FNDA:0,(anonymous_0)
DA:1,0
DA:2,0
DA:3,0
DA:4,0
DA:6,0
DA:8,0
DA:9,0
DA:11,0
DA:12,0
DA:14,0
DA:15,0
LF:11
LH:0
BRF:0
BRH:0
end_of_record
TN:
SF:routes\event.js
FN:9,(anonymous_0)
FN:13,(anonymous_1)
FNF:2
FNH:2
FNDA:1,(anonymous_0)
FNDA:2,(anonymous_1)
DA:1,1
DA:2,1
DA:4,1
DA:9,1
DA:10,1
DA:13,1
DA:14,2
DA:15,2
DA:16,1
DA:18,1
DA:19,1
DA:22,1
LF:12
LH:12
BRDA:15,0,0,1
BRDA:15,0,1,1
BRDA:15,1,0,2
BRDA:15,1,1,2
BRDA:15,1,2,1
BRDA:15,1,3,1
BRDA:15,1,4,1
BRF:7
BRH:7
end_of_record
TN:
SF:routes\volunteerMatching.js
FN:35,(anonymous_0)
FN:39,(anonymous_1)
FNF:2
FNH:2
FNDA:1,(anonymous_0)
FNDA:2,(anonymous_1)
DA:1,1
DA:2,1
DA:4,1
DA:12,1
DA:35,1
DA:36,1
DA:39,1
DA:40,2
DA:41,2
DA:44,1
LF:10
LH:10
BRDA:40,0,0,2
BRDA:40,0,1,1
BRF:2
BRH:2
end_of_record
